d:\pandachatproject\pandachatclient\pandachatclient\x64\debug\pandachatclient.pch
d:\pandachatproject\pandachatclient\pandachatclient\x64\debug\vc140.pdb
d:\pandachatproject\pandachatclient\pandachatclient\x64\debug\stdafx.obj
d:\pandachatproject\pandachatclient\pandachatclient\x64\debug\configfilereader.obj
d:\pandachatproject\pandachatclient\pandachatclient\x64\debug\fileoperation.obj
d:\pandachatproject\pandachatclient\pandachatclient\x64\debug\usersessiondata.obj
d:\pandachatproject\pandachatclient\pandachatclient\x64\debug\clientsocketmanager.obj
d:\pandachatproject\pandachatclient\pandachatclient\x64\debug\json_value.obj
d:\pandachatproject\pandachatclient\pandachatclient\x64\debug\json_reader.obj
d:\pandachatproject\pandachatclient\pandachatclient\x64\debug\fontini.obj
d:\pandachatproject\pandachatclient\pandachatclient\x64\debug\json_writer.obj
d:\pandachatproject\pandachatclient\pandachatclient\x64\debug\winapioperation.obj
d:\pandachatproject\pandachatclient\pandachatclient\x64\debug\loginsetting.obj
d:\pandachatproject\pandachatclient\pandachatclient\x64\debug\encodeutil.obj
d:\pandachatproject\pandachatclient\pandachatclient\x64\debug\utils.obj
d:\pandachatproject\pandachatclient\pandachatclient\x64\debug\clientlog.obj
d:\pandachatproject\pandachatclient\pandachatclient\x64\debug\iuprotocoldata.obj
d:\pandachatproject\pandachatclient\pandachatclient\x64\debug\winmanager.obj
d:\pandachatproject\pandachatclient\pandachatclient\x64\debug\runsetting.obj
d:\pandachatproject\pandachatclient\pandachatclient\x64\debug\protocolstream.obj
d:\pandachatproject\pandachatclient\pandachatclient\x64\debug\zlibutil.obj
d:\pandachatproject\pandachatclient\pandachatclient\x64\debug\loginavatarwid.obj
d:\pandachatproject\pandachatclient\pandachatclient\x64\debug\loginwin.obj
d:\pandachatproject\pandachatclient\pandachatclient\x64\debug\buffer.obj
d:\pandachatproject\pandachatclient\pandachatclient\x64\debug\path.obj
d:\pandachatproject\pandachatclient\pandachatclient\x64\debug\chatwin.obj
d:\pandachatproject\pandachatclient\pandachatclient\x64\debug\loginstatewid.obj
d:\pandachatproject\pandachatclient\pandachatclient\x64\debug\main.obj
d:\pandachatproject\pandachatclient\pandachatclient\x64\debug\mainwin.obj
d:\pandachatproject\pandachatclient\pandachatclient\x64\debug\nettasthandle.obj
d:\pandachatproject\pandachatclient\pandachatclient\x64\debug\tipsdialog.obj
d:\pandachatproject\pandachatclient\pandachatclient\x64\debug\gzlib.obj
d:\pandachatproject\pandachatclient\pandachatclient\x64\debug\zutil.obj
d:\pandachatproject\pandachatclient\pandachatclient\x64\debug\deflate.obj
d:\pandachatproject\pandachatclient\pandachatclient\x64\debug\inftrees.obj
d:\pandachatproject\pandachatclient\pandachatclient\x64\debug\compress.obj
d:\pandachatproject\pandachatclient\pandachatclient\x64\debug\infback.obj
d:\pandachatproject\pandachatclient\pandachatclient\x64\debug\zlibdemo.obj
d:\pandachatproject\pandachatclient\pandachatclient\x64\debug\gzclose.obj
d:\pandachatproject\pandachatclient\pandachatclient\x64\debug\trees.obj
d:\pandachatproject\pandachatclient\pandachatclient\x64\debug\adler32.obj
d:\pandachatproject\pandachatclient\pandachatclient\x64\debug\inffast.obj
d:\pandachatproject\pandachatclient\pandachatclient\x64\debug\uncompr.obj
d:\pandachatproject\pandachatclient\pandachatclient\x64\debug\crc32.obj
d:\pandachatproject\pandachatclient\pandachatclient\x64\debug\inflate.obj
d:\pandachatproject\pandachatclient\pandachatclient\x64\debug\gzwrite.obj
d:\pandachatproject\pandachatclient\pandachatclient\x64\debug\gzread.obj
d:\pandachatproject\pandachatclient\pandachatclient\x64\debug\qrc_pandachatclient.obj
d:\pandachatproject\pandachatclient\pandachatclient\x64\debug\moc_tipsdialog.obj
d:\pandachatproject\pandachatclient\pandachatclient\x64\debug\moc_mainwin.obj
d:\pandachatproject\pandachatclient\pandachatclient\x64\debug\moc_loginavatarwid.obj
d:\pandachatproject\pandachatclient\pandachatclient\x64\debug\moc_winmanager.obj
d:\pandachatproject\pandachatclient\pandachatclient\x64\debug\moc_loginwin.obj
d:\pandachatproject\pandachatclient\pandachatclient\x64\debug\moc_loginsetting.obj
d:\pandachatproject\pandachatclient\pandachatclient\x64\debug\moc_loginstatewid.obj
d:\pandachatproject\pandachatclient\pandachatclient\x64\debug\moc_chatwin.obj
d:\pandachatproject\pandachatclient\x64\debug\pandachatclient.ilk
d:\pandachatproject\pandachatclient\x64\debug\pandachatclient.exe
d:\pandachatproject\pandachatclient\x64\debug\pandachatclient.pdb
d:\pandachatproject\pandachatclient\pandachatclient\x64\debug\moc\moc_loginstatewid.cpp
d:\pandachatproject\pandachatclient\pandachatclient\x64\debug\moc\moc_loginsetting.cpp
d:\pandachatproject\pandachatclient\pandachatclient\x64\debug\moc\moc_loginavatarwid.cpp
d:\pandachatproject\pandachatclient\pandachatclient\x64\debug\moc\moc_chatwin.cpp
d:\pandachatproject\pandachatclient\pandachatclient\x64\debug\moc\moc_mainwin.cpp
d:\pandachatproject\pandachatclient\pandachatclient\x64\debug\moc\moc_winmanager.cpp
d:\pandachatproject\pandachatclient\pandachatclient\x64\debug\moc\moc_loginwin.cpp
d:\pandachatproject\pandachatclient\pandachatclient\x64\debug\moc\moc_tipsdialog.cpp
d:\pandachatproject\pandachatclient\pandachatclient\x64\debug\uic\ui_chatwin.h
d:\pandachatproject\pandachatclient\pandachatclient\x64\debug\uic\ui_loginavatarwid.h
d:\pandachatproject\pandachatclient\pandachatclient\x64\debug\uic\ui_loginstatewid.h
d:\pandachatproject\pandachatclient\pandachatclient\x64\debug\uic\ui_loginwin.h
d:\pandachatproject\pandachatclient\pandachatclient\x64\debug\uic\ui_mainwin.h
d:\pandachatproject\pandachatclient\pandachatclient\x64\debug\uic\ui_tipsdialog.h
d:\pandachatproject\pandachatclient\pandachatclient\x64\debug\rcc\qrc_pandachatclient.cpp
d:\pandachatproject\pandachatclient\pandachatclient\x64\debug\pandachatclient.tlog\cl.command.1.tlog
d:\pandachatproject\pandachatclient\pandachatclient\x64\debug\pandachatclient.tlog\cl.read.1.tlog
d:\pandachatproject\pandachatclient\pandachatclient\x64\debug\pandachatclient.tlog\cl.write.1.tlog
d:\pandachatproject\pandachatclient\pandachatclient\x64\debug\pandachatclient.tlog\link.command.1.tlog
d:\pandachatproject\pandachatclient\pandachatclient\x64\debug\pandachatclient.tlog\link.read.1.tlog
d:\pandachatproject\pandachatclient\pandachatclient\x64\debug\pandachatclient.tlog\link.write.1.tlog
d:\pandachatproject\pandachatclient\pandachatclient\x64\debug\pandachatclient.tlog\moc.read.1u.tlog
d:\pandachatproject\pandachatclient\pandachatclient\x64\debug\pandachatclient.tlog\moc.write.1u.tlog
d:\pandachatproject\pandachatclient\pandachatclient\x64\debug\pandachatclient.tlog\pandachatclient.write.1u.tlog
d:\pandachatproject\pandachatclient\pandachatclient\x64\debug\pandachatclient.tlog\rcc.read.1u.tlog
d:\pandachatproject\pandachatclient\pandachatclient\x64\debug\pandachatclient.tlog\rcc.write.1u.tlog
d:\pandachatproject\pandachatclient\pandachatclient\x64\debug\pandachatclient.tlog\uic.read.1u.tlog
d:\pandachatproject\pandachatclient\pandachatclient\x64\debug\pandachatclient.tlog\uic.write.1u.tlog
