d:\pandachatproject\pandachatserver\pandachatserver\x64\debug\pandachatserver.pch
d:\pandachatproject\pandachatserver\pandachatserver\x64\debug\vc140.pdb
d:\pandachatproject\pandachatserver\pandachatserver\x64\debug\vc140.idb
d:\pandachatproject\pandachatserver\pandachatserver\x64\debug\stdafx.obj
d:\pandachatproject\pandachatserver\pandachatserver\x64\debug\eventloopthread.obj
d:\pandachatproject\pandachatserver\pandachatserver\x64\debug\eventloopthreadpool.obj
d:\pandachatproject\pandachatserver\pandachatserver\x64\debug\inetaddress.obj
d:\pandachatproject\pandachatserver\pandachatserver\x64\debug\poller.obj
d:\pandachatproject\pandachatserver\pandachatserver\x64\debug\pollpoller.obj
d:\pandachatproject\pandachatserver\pandachatserver\x64\debug\protocolstream.obj
d:\pandachatproject\pandachatserver\pandachatserver\x64\debug\selectpoller.obj
d:\pandachatproject\pandachatserver\pandachatserver\x64\debug\sockets.obj
d:\pandachatproject\pandachatserver\pandachatserver\x64\debug\tcpclient.obj
d:\pandachatproject\pandachatserver\pandachatserver\x64\debug\tcpconnection.obj
d:\pandachatproject\pandachatserver\pandachatserver\x64\debug\tcpserver.obj
d:\pandachatproject\pandachatserver\pandachatserver\x64\debug\timer.obj
d:\pandachatproject\pandachatserver\pandachatserver\x64\debug\timerqueue.obj
d:\pandachatproject\pandachatserver\pandachatserver\x64\debug\pandachatserver.obj
d:\pandachatproject\pandachatserver\pandachatserver\x64\debug\configfilereader.obj
d:\pandachatproject\pandachatserver\pandachatserver\x64\debug\fileoperation.obj
d:\pandachatproject\pandachatserver\pandachatserver\x64\debug\stringutil.obj
d:\pandachatproject\pandachatserver\pandachatserver\x64\debug\urlencodeutil.obj
d:\pandachatproject\pandachatserver\pandachatserver\x64\debug\winapioperation.obj
d:\pandachatproject\pandachatserver\pandachatserver\x64\debug\zlibutil.obj
d:\pandachatproject\pandachatserver\pandachatserver\x64\debug\monitorsession.obj
d:\pandachatproject\pandachatserver\pandachatserver\x64\debug\msgcachemanager.obj
d:\pandachatproject\pandachatserver\pandachatserver\x64\debug\tcpsession.obj
d:\pandachatproject\pandachatserver\pandachatserver\x64\debug\usermanager.obj
d:\pandachatproject\pandachatserver\pandachatserver\x64\debug\json_reader.obj
d:\pandachatproject\pandachatserver\pandachatserver\x64\debug\json_value.obj
d:\pandachatproject\pandachatserver\pandachatserver\x64\debug\json_writer.obj
d:\pandachatproject\pandachatserver\pandachatserver\x64\debug\databasemysql.obj
d:\pandachatproject\pandachatserver\pandachatserver\x64\debug\field.obj
d:\pandachatproject\pandachatserver\pandachatserver\x64\debug\queryresult.obj
d:\pandachatproject\pandachatserver\pandachatserver\x64\debug\mysqlmanager.obj
d:\pandachatproject\pandachatserver\pandachatserver\x64\debug\mysqlthrd.obj
d:\pandachatproject\pandachatserver\pandachatserver\x64\debug\mysqlthrdmgr.obj
d:\pandachatproject\pandachatserver\pandachatserver\x64\debug\tasklist.obj
d:\pandachatproject\pandachatserver\pandachatserver\x64\debug\acceptor.obj
d:\pandachatproject\pandachatserver\pandachatserver\x64\debug\buffer.obj
d:\pandachatproject\pandachatserver\pandachatserver\x64\debug\channel.obj
d:\pandachatproject\pandachatserver\pandachatserver\x64\debug\connector.obj
d:\pandachatproject\pandachatserver\pandachatserver\x64\debug\epollpoller.obj
d:\pandachatproject\pandachatserver\pandachatserver\x64\debug\eventloop.obj
d:\pandachatproject\pandachatserver\pandachatserver\x64\debug\platform.obj
d:\pandachatproject\pandachatserver\pandachatserver\x64\debug\timestamp.obj
d:\pandachatproject\pandachatserver\pandachatserver\x64\debug\bussinesslogic.obj
d:\pandachatproject\pandachatserver\pandachatserver\x64\debug\chatserver.obj
d:\pandachatproject\pandachatserver\pandachatserver\x64\debug\chatsession.obj
d:\pandachatproject\pandachatserver\pandachatserver\x64\debug\httpserver.obj
d:\pandachatproject\pandachatserver\pandachatserver\x64\debug\httpsession.obj
d:\pandachatproject\pandachatserver\pandachatserver\x64\debug\monitorserver.obj
d:\pandachatproject\pandachatserver\pandachatserver\x64\debug\asynclog.obj
d:\pandachatproject\pandachatserver\pandachatserver\x64\debug\path.obj
d:\pandachatproject\pandachatserver\pandachatserver\x64\debug\adler32.obj
d:\pandachatproject\pandachatserver\pandachatserver\x64\debug\compress.obj
d:\pandachatproject\pandachatserver\pandachatserver\x64\debug\crc32.obj
d:\pandachatproject\pandachatserver\pandachatserver\x64\debug\deflate.obj
d:\pandachatproject\pandachatserver\pandachatserver\x64\debug\gzclose.obj
d:\pandachatproject\pandachatserver\pandachatserver\x64\debug\gzlib.obj
d:\pandachatproject\pandachatserver\pandachatserver\x64\debug\gzread.obj
d:\pandachatproject\pandachatserver\pandachatserver\x64\debug\gzwrite.obj
d:\pandachatproject\pandachatserver\pandachatserver\x64\debug\infback.obj
d:\pandachatproject\pandachatserver\pandachatserver\x64\debug\inffast.obj
d:\pandachatproject\pandachatserver\pandachatserver\x64\debug\inflate.obj
d:\pandachatproject\pandachatserver\pandachatserver\x64\debug\inftrees.obj
d:\pandachatproject\pandachatserver\pandachatserver\x64\debug\trees.obj
d:\pandachatproject\pandachatserver\pandachatserver\x64\debug\uncompr.obj
d:\pandachatproject\pandachatserver\pandachatserver\x64\debug\zlibdemo.obj
d:\pandachatproject\pandachatserver\pandachatserver\x64\debug\zutil.obj
d:\pandachatproject\pandachatserver\x64\debug\pandachatserver.ilk
d:\pandachatproject\pandachatserver\x64\debug\pandachatserver.exe
d:\pandachatproject\pandachatserver\x64\debug\pandachatserver.pdb
d:\pandachatproject\pandachatserver\pandachatserver\x64\debug\pandachatserver.tlog\cl.command.1.tlog
d:\pandachatproject\pandachatserver\pandachatserver\x64\debug\pandachatserver.tlog\cl.read.1.tlog
d:\pandachatproject\pandachatserver\pandachatserver\x64\debug\pandachatserver.tlog\cl.write.1.tlog
d:\pandachatproject\pandachatserver\pandachatserver\x64\debug\pandachatserver.tlog\link.command.1.tlog
d:\pandachatproject\pandachatserver\pandachatserver\x64\debug\pandachatserver.tlog\link.read.1.tlog
d:\pandachatproject\pandachatserver\pandachatserver\x64\debug\pandachatserver.tlog\link.write.1.tlog
